==2750== Memcheck, a memory error detector
==2750== Copyright (C) 2002-2009, and GNU GPL'd, by Julian Seward et al.
==2750== Using Valgrind-3.6.0.SVN-Debian and LibVEX; rerun with -h for copyright info
==2750== Command: RunSMP.app
==2750== 
1 32
2 8
3 34
4 14
5 7
6 10
7 51
8 42
9 40
10 25
11 47
12 36
13 30
14 54
15 37
16 9
17 44
18 35
19 17
20 28
21 31
22 50
23 39
24 3
25 23
26 22
27 13
28 16
29 29
30 57
31 6
32 20
33 12
34 43
35 15
36 56
37 11
38 19
39 24
40 27
41 33
42 4
43 21
44 2
45 53
46 45
47 52
48 5
49 26
50 1
51 55
52 38
53 46
54 49
55 18
56 41
57 48
1 14
2 32
3 33
4 10
5 42
6 51
7 47
8 9
9 37
10 35
11 1
12 15
13 25
14 48
15 41
16 56
17 31
18 34
19 16
20 39
21 62
22 61
23 57
24 44
25 7
26 23
27 64
28 2
29 19
30 8
31 30
32 4
33 43
34 46
35 53
36 59
37 5
38 52
39 3
40 50
41 36
42 6
43 20
44 27
45 18
46 45
47 49
48 54
49 29
50 21
51 13
52 28
53 24
54 22
55 26
56 60
57 58
58 63
59 55
60 11
61 12
62 40
63 38
64 17
1 40
2 42
3 36
4 83
5 67
6 60
7 53
8 -1
9 44
10 11
11 79
12 49
13 94
14 33
15 31
16 57
17 29
18 17
19 7
20 37
21 56
22 18
23 64
24 78
25 88
26 74
27 63
28 59
29 62
30 85
31 41
32 52
33 47
34 86
35 25
36 91
37 89
38 24
39 61
40 12
41 3
42 43
43 22
44 19
45 66
46 95
47 9
48 26
49 20
50 82
51 71
52 93
53 92
54 8
55 23
56 5
57 84
58 39
59 32
60 77
61 87
62 97
63 65
64 16
65 69
66 58
67 13
68 81
69 35
70 28
71 10
72 55
73 45
74 48
75 50
76 75
77 4
78 68
79 96
80 46
81 14
82 73
83 1
84 6
85 72
86 51
87 76
88 80
89 27
90 90
91 21
92 2
93 15
94 30
95 34
96 70
97 38
1 14
2 43
3 41
4 80
5 3
6 1
7 4
8 65
9 2
10 -1
11 42
12 52
13 16
14 66
15 70
16 38
17 69
18 81
19 22
20 12
21 23
22 33
23 17
24 15
25 45
26 28
27 21
28 67
29 9
30 86
31 84
32 26
33 60
34 6
35 29
36 24
37 8
38 72
39 40
40 7
41 31
42 30
43 58
44 63
45 18
46 74
47 5
48 71
49 59
50 32
51 19
52 39
53 49
54 82
55 47
56 85
57 11
58 83
59 64
60 10
61 35
62 79
63 25
64 75
65 46
66 48
67 27
68 77
69 76
70 44
71 53
72 56
73 13
74 54
75 51
76 73
77 37
78 61
79 55
80 20
81 36
82 57
83 68
84 62
85 34
86 50
1 48
2 38
3 15
4 5
5 37
6 52
7 22
8 20
9 28
10 4
11 8
12 55
13 7
14 34
15 51
16 16
17 10
18 40
19 33
20 46
21 25
22 21
23 14
24 24
25 49
26 12
27 36
28 32
29 17
30 27
31 31
32 19
33 39
34 53
35 45
36 57
37 56
38 2
39 35
40 11
41 54
42 18
43 26
44 3
45 30
46 9
47 13
48 41
49 1
50 42
51 47
52 29
53 23
54 50
55 6
56 44
57 43
1 13
2 19
3 61
4 2
5 17
6 12
7 1
8 24
9 52
10 39
11 3
12 49
13 41
14 34
15 67
16 25
17 6
18 7
19 29
20 40
21 35
22 43
23 70
24 57
25 11
26 33
27 63
28 45
29 60
30 59
31 22
32 5
33 51
34 20
35 66
36 69
37 30
38 10
39 23
40 21
41 32
42 47
43 53
44 -1
45 38
46 28
47 36
48 44
49 16
50 68
51 9
52 26
53 42
54 65
55 46
56 62
57 37
58 18
59 50
60 4
61 27
62 48
63 58
64 31
65 14
66 8
67 64
68 56
69 15
70 54
1 13
2 4
3 73
4 43
5 37
6 49
7 63
8 72
9 19
10 58
11 14
12 20
13 60
14 66
15 84
16 32
17 76
18 10
19 65
20 77
21 54
22 41
23 29
24 44
25 51
26 31
27 67
28 1
29 50
30 48
31 30
32 42
33 -1
34 61
35 82
36 6
37 7
38 16
39 23
40 18
41 47
42 27
43 62
44 69
45 21
46 70
47 74
48 26
49 64
50 38
51 40
52 52
53 33
54 3
55 25
56 11
57 17
58 39
59 75
60 36
61 81
62 83
63 9
64 78
65 15
66 71
67 57
68 12
69 8
70 68
71 55
72 28
73 24
74 79
75 2
76 5
77 34
78 45
79 22
80 35
81 53
82 59
83 46
84 56
1 9
2 46
3 22
4 12
5 26
6 34
7 25
8 3
9 6
10 21
11 47
12 39
13 7
14 24
15 52
16 55
17 13
18 29
19 40
20 19
21 49
22 38
23 8
24 54
25 28
26 5
27 23
28 14
29 16
30 37
31 48
32 36
33 31
34 30
35 10
36 27
37 51
38 41
39 1
40 44
41 50
42 33
43 45
44 11
45 43
46 20
47 18
48 17
49 32
50 4
51 2
52 35
53 53
54 42
55 15
1 27
2 8
3 43
4 23
5 65
6 73
7 9
8 5
9 26
10 25
11 45
12 53
13 22
14 38
15 10
16 52
17 29
18 68
19 69
20 4
21 40
22 61
23 13
24 44
25 46
26 35
27 47
28 33
29 67
30 20
31 50
32 71
33 48
34 51
35 41
36 63
37 70
38 32
39 19
40 36
41 18
42 28
43 16
44 56
45 3
46 59
47 7
48 42
49 58
50 14
51 66
52 12
53 54
54 31
55 60
56 62
57 57
58 49
59 34
60 11
61 37
62 64
63 6
64 17
65 21
66 24
67 72
68 2
69 39
70 55
71 1
72 30
73 15
1 9
2 81
3 11
4 83
5 60
6 38
7 72
8 68
9 30
10 14
11 88
12 12
13 26
14 29
15 40
16 76
17 36
18 54
19 21
20 82
21 67
22 50
23 27
24 44
25 49
26 35
27 34
28 64
29 70
30 90
31 56
32 84
33 51
34 62
35 5
36 86
37 22
38 23
39 79
40 41
41 33
42 57
43 89
44 8
45 58
46 20
47 69
48 61
49 66
50 10
51 1
52 78
53 3
54 73
55 4
56 24
57 28
58 17
59 39
60 13
61 46
62 47
63 80
64 48
65 85
66 25
67 65
68 31
69 16
70 -1
71 18
72 37
73 55
74 43
75 6
76 52
77 74
78 91
79 87
80 63
81 15
82 75
83 71
84 45
85 2
86 42
87 32
88 77
89 7
90 19
91 59
1 56
2 35
3 8
4 1
5 27
6 39
7 2
8 82
9 60
10 12
11 36
12 11
13 41
14 25
15 17
16 55
17 19
18 74
19 67
20 69
21 23
22 6
23 59
24 46
25 62
26 37
27 9
28 29
29 54
30 15
31 81
32 20
33 13
34 7
35 64
36 10
37 63
38 84
39 53
40 5
41 73
42 28
43 86
44 77
45 83
46 75
47 49
48 88
49 18
50 72
51 57
52 43
53 14
54 32
55 80
56 42
57 22
58 3
59 50
60 21
61 44
62 24
63 68
64 33
65 47
66 78
67 40
68 85
69 31
70 34
71 71
72 87
73 51
74 30
75 16
76 58
77 38
78 26
79 70
80 65
81 76
82 79
83 66
84 52
85 4
86 45
87 48
88 61
1 70
2 30
3 21
4 18
5 7
6 36
7 52
8 51
9 4
10 20
11 73
12 45
13 57
14 26
15 76
16 56
17 10
18 15
19 77
20 2
21 38
22 1
23 49
24 34
25 68
26 16
27 69
28 37
29 39
30 8
31 66
32 11
33 29
34 28
35 12
36 48
37 62
38 24
39 71
40 27
41 59
42 23
43 55
44 33
45 61
46 64
47 40
48 6
49 35
50 14
51 17
52 46
53 42
54 50
55 58
56 54
57 79
58 63
59 60
60 78
61 19
62 47
63 74
64 67
65 22
66 13
67 53
68 9
69 31
70 3
71 5
72 32
73 25
74 65
75 72
76 44
77 41
78 75
79 43
1 46
2 50
3 33
4 51
5 24
6 34
7 13
8 30
9 18
10 22
11 5
12 16
13 37
14 43
15 12
16 9
17 4
18 49
19 7
20 21
21 45
22 20
23 32
24 2
25 11
26 35
27 44
28 3
29 38
30 27
31 47
32 29
33 31
34 14
35 36
36 8
37 1
38 6
39 23
40 41
41 48
42 19
43 40
44 42
45 10
46 25
47 28
48 15
49 17
50 39
51 26
1 51
2 28
3 71
4 32
5 57
6 42
7 21
8 17
9 56
10 12
11 49
12 45
13 -1
14 30
15 41
16 37
17 2
18 54
19 66
20 44
21 68
22 4
23 50
24 76
25 15
26 38
27 58
28 62
29 64
30 78
31 13
32 59
33 1
34 25
35 65
36 33
37 70
38 75
39 52
40 36
41 40
42 9
43 11
44 60
45 48
46 24
47 14
48 8
49 6
50 63
51 5
52 29
53 3
54 27
55 43
56 16
57 19
58 18
59 22
60 67
61 53
62 55
63 69
64 39
65 31
66 10
67 20
68 72
69 34
70 26
71 7
72 73
73 46
74 35
75 77
76 47
77 23
78 61
1 50
2 4
3 73
4 80
5 57
6 65
7 63
8 15
9 26
10 8
11 12
12 79
13 85
14 52
15 43
16 87
17 67
18 74
19 33
20 70
21 75
22 47
23 1
24 61
25 39
26 83
27 54
28 76
29 23
30 17
31 58
32 30
33 29
34 5
35 18
36 45
37 86
38 35
39 38
40 19
41 3
42 46
43 62
44 34
45 31
46 53
47 55
48 25
49 37
50 71
51 13
52 2
53 77
54 7
55 84
56 68
57 6
58 21
59 9
60 14
61 20
62 41
63 69
64 24
65 72
66 42
67 81
68 22
69 51
70 78
71 10
72 27
73 48
74 59
75 56
76 11
77 36
78 64
79 16
80 66
81 44
82 40
83 60
84 28
85 49
86 82
87 32
1 56
2 44
3 32
4 14
5 46
6 18
7 51
8 43
9 39
10 36
11 10
12 9
13 5
14 54
15 40
16 27
17 30
18 12
19 35
20 45
21 28
22 38
23 15
24 17
25 19
26 7
27 11
28 52
29 34
30 50
31 25
32 29
33 6
34 41
35 24
36 26
37 8
38 49
39 33
40 23
41 4
42 57
43 13
44 37
45 47
46 16
47 20
48 31
49 53
50 48
51 42
52 55
53 2
54 21
55 22
56 3
57 -1
1 10
2 4
3 50
4 16
5 45
6 3
7 22
8 44
9 33
10 39
11 6
12 7
13 53
14 49
15 28
16 18
17 42
18 36
19 17
20 34
21 13
22 40
23 32
24 23
25 43
26 2
27 19
28 25
29 14
30 5
31 48
32 35
33 29
34 47
35 41
36 37
37 26
38 1
39 46
40 24
41 12
42 31
43 27
44 15
45 21
46 9
47 52
48 30
49 11
50 38
51 51
52 8
53 20
1 31
2 36
3 47
4 43
5 19
6 32
7 1
8 4
9 29
10 51
11 2
12 57
13 46
14 8
15 56
16 17
17 40
18 45
19 12
20 55
21 3
22 42
23 22
24 52
25 7
26 21
27 54
28 30
29 53
30 38
31 25
32 33
33 15
34 34
35 24
36 20
37 37
38 28
39 18
40 9
41 50
42 13
43 14
44 16
45 58
46 35
47 5
48 41
49 49
50 10
51 23
52 44
53 26
54 6
55 48
56 11
57 27
58 39
1 9
2 13
3 3
4 27
5 73
6 5
7 66
8 53
9 4
10 61
11 22
12 29
13 68
14 36
15 16
16 18
17 33
18 41
19 42
20 12
21 1
22 15
23 23
24 75
25 7
26 54
27 49
28 48
29 2
30 40
31 37
32 28
33 64
34 69
35 24
36 78
37 70
38 52
39 74
40 31
41 58
42 8
43 46
44 35
45 56
46 19
47 21
48 34
49 39
50 6
51 38
52 47
53 62
54 76
55 63
56 25
57 60
58 43
59 14
60 17
61 79
62 11
63 57
64 20
65 72
66 55
67 10
68 32
69 71
70 82
71 26
72 80
73 44
74 77
75 81
76 67
77 45
78 59
79 65
80 30
81 51
82 50
1 38
2 20
3 63
4 8
5 17
6 35
7 50
8 62
9 36
10 29
11 58
12 49
13 46
14 45
15 66
16 51
17 31
18 32
19 37
20 48
21 60
22 54
23 16
24 47
25 44
26 70
27 42
28 14
29 26
30 22
31 64
32 2
33 53
34 3
35 23
36 13
37 9
38 19
39 34
40 68
41 39
42 1
43 40
44 11
45 27
46 21
47 15
48 6
49 5
50 69
51 52
52 10
53 24
54 65
55 18
56 71
57 41
58 33
59 59
60 25
61 56
62 67
63 4
64 12
65 57
66 28
67 61
68 30
69 7
70 55
71 43
1 72
2 28
3 11
4 10
5 65
6 14
7 4
8 75
9 79
10 20
11 69
12 22
13 41
14 62
15 78
16 32
17 63
18 73
19 36
20 71
21 53
22 16
23 66
24 8
25 60
26 6
27 70
28 1
29 5
30 18
31 7
32 35
33 19
34 48
35 44
36 64
37 52
38 37
39 59
40 12
41 56
42 9
43 39
44 51
45 42
46 40
47 46
48 38
49 43
50 2
51 23
52 55
53 49
54 17
55 68
56 31
57 26
58 -1
59 30
60 54
61 13
62 34
63 27
64 21
65 58
66 33
67 74
68 15
69 67
70 45
71 3
72 57
73 50
74 76
75 47
76 29
77 77
78 24
79 25
1 37
2 46
3 31
4 17
5 1
6 74
7 23
8 24
9 -1
10 70
11 29
12 62
13 34
14 21
15 40
16 16
17 7
18 11
19 6
20 18
21 9
22 75
23 28
24 8
25 73
26 41
27 51
28 69
29 13
30 54
31 65
32 64
33 57
34 33
35 26
36 48
37 4
38 14
39 63
40 76
41 35
42 67
43 38
44 25
45 45
46 55
47 20
48 22
49 12
50 36
51 43
52 30
53 49
54 71
55 2
56 19
57 52
58 5
59 47
60 58
61 15
62 27
63 42
64 53
65 44
66 39
67 66
68 56
69 61
70 50
71 10
72 59
73 32
74 72
75 3
76 68
1 66
2 53
3 61
4 15
5 46
6 47
7 29
8 28
9 30
10 48
11 20
12 24
13 8
14 38
15 36
16 43
17 11
18 62
19 16
20 23
21 67
22 50
23 59
24 10
25 12
26 22
27 32
28 17
29 57
30 56
31 73
32 18
33 7
34 77
35 2
36 3
37 54
38 42
39 75
40 44
41 14
42 5
43 34
44 68
45 1
46 72
47 58
48 26
49 78
50 60
51 64
52 13
53 9
54 27
55 4
56 6
57 35
58 76
59 63
60 19
61 41
62 39
63 52
64 55
65 33
66 69
67 74
68 21
69 71
70 79
71 45
72 40
73 70
74 25
75 31
76 51
77 49
78 80
79 -1
80 65
1 55
2 13
3 19
4 51
5 24
6 62
7 64
8 3
9 39
10 48
11 15
12 53
13 29
14 67
15 40
16 46
17 44
18 6
19 22
20 9
21 35
22 27
23 7
24 1
25 2
26 50
27 42
28 30
29 16
30 61
31 37
32 28
33 47
34 38
35 5
36 8
37 17
38 59
39 70
40 26
41 4
42 32
43 63
44 20
45 71
46 45
47 43
48 11
49 72
50 41
51 31
52 12
53 10
54 23
55 34
56 25
57 36
58 60
59 73
60 33
61 65
62 66
63 49
64 54
65 58
66 69
67 68
68 56
69 57
70 18
71 52
72 21
73 14
1 57
2 23
3 63
4 33
5 4
6 60
7 52
8 35
9 69
10 22
11 40
12 78
13 93
14 65
15 42
16 10
17 91
18 44
19 26
20 90
21 56
22 66
23 38
24 88
25 71
26 12
27 67
28 81
29 28
30 76
31 9
32 41
33 72
34 19
35 84
36 47
37 13
38 2
39 43
40 75
41 92
42 54
43 8
44 6
45 61
46 85
47 20
48 14
49 45
50 70
51 53
52 97
53 74
54 11
55 49
56 27
57 73
58 96
59 87
60 36
61 17
62 55
63 95
64 82
65 59
66 30
67 29
68 89
69 18
70 58
71 62
72 32
73 64
74 46
75 31
76 1
77 3
78 48
79 16
80 7
81 77
82 24
83 5
84 83
85 34
86 15
87 86
88 37
89 21
90 98
91 51
92 39
93 94
94 80
95 68
96 79
97 50
98 25
==2750== 
==2750== HEAP SUMMARY:
==2750==     in use at exit: 122,880 bytes in 6 blocks
==2750==   total heap usage: 26,149 allocs, 26,143 frees, 7,249,348 bytes allocated
==2750== 
==2750== LEAK SUMMARY:
==2750==    definitely lost: 0 bytes in 0 blocks
==2750==    indirectly lost: 0 bytes in 0 blocks
==2750==      possibly lost: 0 bytes in 0 blocks
==2750==    still reachable: 122,880 bytes in 6 blocks
==2750==         suppressed: 0 bytes in 0 blocks
==2750== Rerun with --leak-check=full to see details of leaked memory
==2750== 
==2750== For counts of detected and suppressed errors, rerun with: -v
==2750== ERROR SUMMARY: 0 errors from 0 contexts (suppressed: 18 from 7)
